<?xml version="1.0" encoding="UTF-8"?>
<testsuites>
<testsuite name="Calculator/calculator_test.exe" tests="1" failures="0" errors="1">
<testcase name="Calculator/calculator_test.exe" status="run" duration="0" time="0"><error message="exited with error code 1"></error></testcase>
<system-out><![CDATA[Executing tests from //Calculator:calculator_test
-----------------------------------------------------------------------------
Traceback (most recent call last):
  File "C:\Users\Vipul\AppData\Local\Temp\Bazel.runfiles_2zpe7es8\runfiles\_main\Calculator\calculator_test.py", line 2, in <module>
    from calculator import Calculator
ModuleNotFoundError: No module named 'calculator'
]]></system-out>
</testsuite>
</testsuites>
